[2023-05-23 22:57:50Z INFO HostContext] No proxy settings were found based on environmental variables (http_proxy/https_proxy/HTTP_PROXY/HTTPS_PROXY)
[2023-05-23 22:57:50Z INFO HostContext] Well known directory 'Bin': '/Users/brianzhu/Documents/chess-game-review-site/actions-runner/bin'
[2023-05-23 22:57:50Z INFO HostContext] Well known directory 'Root': '/Users/brianzhu/Documents/chess-game-review-site/actions-runner'
[2023-05-23 22:57:50Z INFO HostContext] Well known config file 'Credentials': '/Users/brianzhu/Documents/chess-game-review-site/actions-runner/.credentials'
[2023-05-23 22:57:50Z INFO HostContext] Well known directory 'Bin': '/Users/brianzhu/Documents/chess-game-review-site/actions-runner/bin'
[2023-05-23 22:57:50Z INFO HostContext] Well known directory 'Root': '/Users/brianzhu/Documents/chess-game-review-site/actions-runner'
[2023-05-23 22:57:50Z INFO HostContext] Well known config file 'Runner': '/Users/brianzhu/Documents/chess-game-review-site/actions-runner/.runner'
[2023-05-23 22:57:50Z INFO Listener] Runner is built for OSX (Arm64) - osx-arm64.
[2023-05-23 22:57:50Z INFO Listener] RuntimeInformation: Darwin 22.4.0 Darwin Kernel Version 22.4.0: Mon Mar  6 21:00:41 PST 2023; root:xnu-8796.101.5~3/RELEASE_ARM64_T8103.
[2023-05-23 22:57:50Z INFO Listener] Version: 2.304.0
[2023-05-23 22:57:50Z INFO Listener] Commit: 9ef4121b5b31ee5c03b7770288213d741081f747
[2023-05-23 22:57:50Z INFO Listener] Culture: en-US
[2023-05-23 22:57:50Z INFO Listener] UI Culture: en-US
[2023-05-23 22:57:50Z INFO HostContext] Well known directory 'Bin': '/Users/brianzhu/Documents/chess-game-review-site/actions-runner/bin'
[2023-05-23 22:57:50Z INFO HostContext] Well known directory 'Root': '/Users/brianzhu/Documents/chess-game-review-site/actions-runner'
[2023-05-23 22:57:50Z INFO Listener] Validating directory permissions for: '/Users/brianzhu/Documents/chess-game-review-site/actions-runner'
[2023-05-23 22:57:50Z INFO CommandLineParser] Parse
[2023-05-23 22:57:50Z INFO CommandLineParser] Parsing 5 args
[2023-05-23 22:57:50Z INFO CommandLineParser] parsing argument
[2023-05-23 22:57:50Z INFO CommandLineParser] HasArgs: False
[2023-05-23 22:57:50Z INFO CommandLineParser] Adding Command: configure
[2023-05-23 22:57:50Z INFO CommandLineParser] parsing argument
[2023-05-23 22:57:50Z INFO CommandLineParser] HasArgs: True
[2023-05-23 22:57:50Z INFO CommandLineParser] arg: url
[2023-05-23 22:57:50Z INFO CommandLineParser] parsing argument
[2023-05-23 22:57:50Z INFO CommandLineParser] HasArgs: True
[2023-05-23 22:57:50Z INFO CommandLineParser] Adding option 'url': 'https://github.com/bzhu9/chess-game-review-site'
[2023-05-23 22:57:50Z INFO CommandLineParser] parsing argument
[2023-05-23 22:57:50Z INFO CommandLineParser] HasArgs: True
[2023-05-23 22:57:50Z INFO CommandLineParser] arg: token
[2023-05-23 22:57:50Z INFO CommandLineParser] parsing argument
[2023-05-23 22:57:50Z INFO CommandLineParser] HasArgs: True
[2023-05-23 22:57:50Z INFO CommandLineParser] Adding option 'token': '***'
[2023-05-23 22:57:50Z INFO Listener] Arguments parsed
[2023-05-23 22:57:50Z INFO Runner] ExecuteCommand
[2023-05-23 22:57:50Z INFO ConfigurationStore] currentAssemblyLocation: /Users/brianzhu/Documents/chess-game-review-site/actions-runner/bin/Runner.Listener.dll
[2023-05-23 22:57:50Z INFO HostContext] Well known directory 'Bin': '/Users/brianzhu/Documents/chess-game-review-site/actions-runner/bin'
[2023-05-23 22:57:50Z INFO ConfigurationStore] binPath: /Users/brianzhu/Documents/chess-game-review-site/actions-runner/bin
[2023-05-23 22:57:50Z INFO HostContext] Well known directory 'Bin': '/Users/brianzhu/Documents/chess-game-review-site/actions-runner/bin'
[2023-05-23 22:57:50Z INFO HostContext] Well known directory 'Root': '/Users/brianzhu/Documents/chess-game-review-site/actions-runner'
[2023-05-23 22:57:50Z INFO ConfigurationStore] RootFolder: /Users/brianzhu/Documents/chess-game-review-site/actions-runner
[2023-05-23 22:57:50Z INFO HostContext] Well known directory 'Bin': '/Users/brianzhu/Documents/chess-game-review-site/actions-runner/bin'
[2023-05-23 22:57:50Z INFO HostContext] Well known directory 'Root': '/Users/brianzhu/Documents/chess-game-review-site/actions-runner'
[2023-05-23 22:57:50Z INFO HostContext] Well known config file 'Runner': '/Users/brianzhu/Documents/chess-game-review-site/actions-runner/.runner'
[2023-05-23 22:57:50Z INFO ConfigurationStore] ConfigFilePath: /Users/brianzhu/Documents/chess-game-review-site/actions-runner/.runner
[2023-05-23 22:57:50Z INFO HostContext] Well known directory 'Bin': '/Users/brianzhu/Documents/chess-game-review-site/actions-runner/bin'
[2023-05-23 22:57:50Z INFO HostContext] Well known directory 'Root': '/Users/brianzhu/Documents/chess-game-review-site/actions-runner'
[2023-05-23 22:57:50Z INFO HostContext] Well known config file 'Credentials': '/Users/brianzhu/Documents/chess-game-review-site/actions-runner/.credentials'
[2023-05-23 22:57:50Z INFO ConfigurationStore] CredFilePath: /Users/brianzhu/Documents/chess-game-review-site/actions-runner/.credentials
[2023-05-23 22:57:50Z INFO HostContext] Well known directory 'Bin': '/Users/brianzhu/Documents/chess-game-review-site/actions-runner/bin'
[2023-05-23 22:57:50Z INFO HostContext] Well known directory 'Root': '/Users/brianzhu/Documents/chess-game-review-site/actions-runner'
[2023-05-23 22:57:50Z INFO HostContext] Well known config file 'MigratedCredentials': '/Users/brianzhu/Documents/chess-game-review-site/actions-runner/.credentials_migrated'
[2023-05-23 22:57:50Z INFO ConfigurationStore] MigratedCredFilePath: /Users/brianzhu/Documents/chess-game-review-site/actions-runner/.credentials_migrated
[2023-05-23 22:57:50Z INFO HostContext] Well known directory 'Bin': '/Users/brianzhu/Documents/chess-game-review-site/actions-runner/bin'
[2023-05-23 22:57:50Z INFO HostContext] Well known directory 'Root': '/Users/brianzhu/Documents/chess-game-review-site/actions-runner'
[2023-05-23 22:57:50Z INFO HostContext] Well known config file 'Service': '/Users/brianzhu/Documents/chess-game-review-site/actions-runner/.service'
[2023-05-23 22:57:50Z INFO ConfigurationStore] ServiceConfigFilePath: /Users/brianzhu/Documents/chess-game-review-site/actions-runner/.service
[2023-05-23 22:57:50Z INFO CommandSettings] Flag 'help': 'False'
[2023-05-23 22:57:50Z INFO CommandSettings] Flag 'version': 'False'
[2023-05-23 22:57:50Z INFO CommandSettings] Flag 'commit': 'False'
[2023-05-23 22:57:50Z INFO CommandSettings] Flag 'check': 'False'
[2023-05-23 22:57:50Z INFO CommandSettings] Command 'configure': 'True'
[2023-05-23 22:57:50Z INFO Terminal] WRITE LINE: 
[2023-05-23 22:57:50Z INFO Terminal] WRITE LINE: --------------------------------------------------------------------------------
[2023-05-23 22:57:50Z INFO Terminal] WRITE LINE: |        ____ _ _   _   _       _          _        _   _                      |
[2023-05-23 22:57:50Z INFO Terminal] WRITE LINE: |       / ___(_) |_| | | |_   _| |__      / \   ___| |_(_) ___  _ __  ___      |
[2023-05-23 22:57:50Z INFO Terminal] WRITE LINE: |      | |  _| | __| |_| | | | | '_ \    / _ \ / __| __| |/ _ \| '_ \/ __|     |
[2023-05-23 22:57:50Z INFO Terminal] WRITE LINE: |      | |_| | | |_|  _  | |_| | |_) |  / ___ \ (__| |_| | (_) | | | \__ \     |
[2023-05-23 22:57:50Z INFO Terminal] WRITE LINE: |       \____|_|\__|_| |_|\__,_|_.__/  /_/   \_\___|\__|_|\___/|_| |_|___/     |
[2023-05-23 22:57:50Z INFO Terminal] WRITE LINE: |                                                                              |
[2023-05-23 22:57:50Z INFO Terminal] WRITE: |                       
[2023-05-23 22:57:50Z INFO Terminal] WRITE: Self-hosted runner registration
[2023-05-23 22:57:50Z INFO Terminal] WRITE LINE:                         |
[2023-05-23 22:57:50Z INFO Terminal] WRITE LINE: |                                                                              |
[2023-05-23 22:57:50Z INFO Terminal] WRITE LINE: --------------------------------------------------------------------------------
[2023-05-23 22:57:50Z INFO ConfigurationManager] ConfigureAsync
[2023-05-23 22:57:50Z INFO CommandSettings] Flag 'generateServiceConfig': 'False'
[2023-05-23 22:57:50Z INFO ConfigurationStore] IsConfigured()
[2023-05-23 22:57:50Z INFO ConfigurationStore] IsConfigured: False
[2023-05-23 22:57:50Z INFO ConfigurationManager] Is configured: False
[2023-05-23 22:57:50Z INFO CommandSettings] Arg 'url': 'https://github.com/bzhu9/chess-game-review-site'
[2023-05-23 22:57:50Z INFO CommandSettings] Remove url from Arg dictionary.
[2023-05-23 22:57:50Z INFO CommandSettings] Arg 'token': '***'
[2023-05-23 22:57:50Z INFO CommandSettings] Remove token from Arg dictionary.
[2023-05-23 22:57:51Z INFO ConfigurationManager] Http response code: OK from 'POST https://api.github.com/actions/runner-registration' (C713:7690:2936BE:55389C:646D44EF)
[2023-05-23 22:57:51Z INFO Terminal] WRITE LINE: Using V2 flow: False
[2023-05-23 22:57:51Z INFO ConfigurationManager] cred retrieved via GitHub auth
[2023-05-23 22:57:51Z INFO RunnerServer] EstablishVssConnection
[2023-05-23 22:57:51Z INFO RunnerServer] Establish connection with 100 seconds timeout.
[2023-05-23 22:57:51Z INFO GitHubActionsService] Starting operation Location.GetConnectionData
[2023-05-23 22:57:51Z INFO RunnerServer] EstablishVssConnection
[2023-05-23 22:57:51Z INFO RunnerServer] Establish connection with 60 seconds timeout.
[2023-05-23 22:57:51Z INFO GitHubActionsService] Starting operation Location.GetConnectionData
[2023-05-23 22:57:51Z INFO RunnerServer] EstablishVssConnection
[2023-05-23 22:57:51Z INFO RunnerServer] Establish connection with 60 seconds timeout.
[2023-05-23 22:57:51Z INFO GitHubActionsService] Starting operation Location.GetConnectionData
[2023-05-23 22:57:52Z INFO GitHubActionsService] Finished operation Location.GetConnectionData
[2023-05-23 22:57:52Z INFO GitHubActionsService] Finished operation Location.GetConnectionData
[2023-05-23 22:57:52Z INFO GitHubActionsService] Finished operation Location.GetConnectionData
[2023-05-23 22:57:52Z INFO Terminal] WRITE LINE: 
[2023-05-23 22:57:52Z INFO ConfigurationManager] Test Connection complete.
[2023-05-23 22:57:52Z INFO HostContext] Well known directory 'Bin': '/Users/brianzhu/Documents/chess-game-review-site/actions-runner/bin'
[2023-05-23 22:57:52Z INFO HostContext] Well known directory 'Root': '/Users/brianzhu/Documents/chess-game-review-site/actions-runner'
[2023-05-23 22:57:52Z INFO HostContext] Well known config file 'RSACredentials': '/Users/brianzhu/Documents/chess-game-review-site/actions-runner/.credentials_rsaparams'
[2023-05-23 22:57:52Z INFO RSAFileKeyManager] Creating new RSA key using 2048-bit key length
[2023-05-23 22:57:52Z INFO RSAFileKeyManager] Successfully saved RSA key parameters to file /Users/brianzhu/Documents/chess-game-review-site/actions-runner/.credentials_rsaparams
[2023-05-23 22:57:52Z INFO RSAFileKeyManager] Which: 'chmod'
[2023-05-23 22:57:52Z INFO RSAFileKeyManager] Location: '/bin/chmod'
[2023-05-23 22:57:52Z INFO HostContext] Well known directory 'Bin': '/Users/brianzhu/Documents/chess-game-review-site/actions-runner/bin'
[2023-05-23 22:57:52Z INFO HostContext] Well known directory 'Root': '/Users/brianzhu/Documents/chess-game-review-site/actions-runner'
[2023-05-23 22:57:52Z INFO ProcessInvokerWrapper] Starting process:
[2023-05-23 22:57:52Z INFO ProcessInvokerWrapper]   File name: '/bin/chmod'
[2023-05-23 22:57:52Z INFO ProcessInvokerWrapper]   Arguments: '600 /Users/brianzhu/Documents/chess-game-review-site/actions-runner/.credentials_rsaparams'
[2023-05-23 22:57:52Z INFO ProcessInvokerWrapper]   Working directory: '/Users/brianzhu/Documents/chess-game-review-site/actions-runner'
[2023-05-23 22:57:52Z INFO ProcessInvokerWrapper]   Require exit code zero: 'False'
[2023-05-23 22:57:52Z INFO ProcessInvokerWrapper]   Encoding web name:  ; code page: ''
[2023-05-23 22:57:52Z INFO ProcessInvokerWrapper]   Force kill process on cancellation: 'False'
[2023-05-23 22:57:52Z INFO ProcessInvokerWrapper]   Redirected STDIN: 'False'
[2023-05-23 22:57:52Z INFO ProcessInvokerWrapper]   Persist current code page: 'False'
[2023-05-23 22:57:52Z INFO ProcessInvokerWrapper]   Keep redirected STDIN open: 'False'
[2023-05-23 22:57:52Z INFO ProcessInvokerWrapper]   High priority process: 'False'
[2023-05-23 22:57:52Z INFO ProcessInvokerWrapper] Process started with process id 68033, waiting for process exit.
[2023-05-23 22:57:52Z INFO ProcessInvokerWrapper] STDOUT/STDERR stream read finished.
[2023-05-23 22:57:52Z INFO ProcessInvokerWrapper] STDOUT/STDERR stream read finished.
[2023-05-23 22:57:52Z INFO ProcessInvokerWrapper] Finished process 68033 with exit code 0, and elapsed time 00:00:00.0398847.
[2023-05-23 22:57:52Z INFO RSAFileKeyManager] Successfully set permissions for RSA key parameters file /Users/brianzhu/Documents/chess-game-review-site/actions-runner/.credentials_rsaparams
[2023-05-23 22:57:52Z INFO CommandSettings] Arg 'runnergroup': ''
[2023-05-23 22:57:52Z INFO CommandSettings] Flag 'unattended': 'False'
[2023-05-23 22:57:52Z INFO PromptManager] ReadValue
[2023-05-23 22:57:52Z INFO Terminal] WRITE: Enter the name of the runner group to add this runner to: 
[2023-05-23 22:57:52Z INFO Terminal] WRITE: [press Enter for Default] 
[2023-05-23 22:57:52Z INFO Terminal] READ LINE
[2023-05-23 22:58:04Z INFO Terminal] Read value: ''
[2023-05-23 22:58:04Z INFO PromptManager] Falling back to the default: 'Default'
[2023-05-23 22:58:04Z INFO Terminal] WRITE LINE: 
[2023-05-23 22:58:04Z INFO ConfigurationManager] Found a self-hosted runner group with id 1 and name Default
[2023-05-23 22:58:04Z INFO CommandSettings] Flag 'disableupdate': 'False'
[2023-05-23 22:58:04Z INFO CommandSettings] Flag 'ephemeral': 'False'
[2023-05-23 22:58:04Z INFO CommandSettings] Arg 'name': ''
[2023-05-23 22:58:04Z INFO CommandSettings] Flag 'unattended': 'False'
[2023-05-23 22:58:04Z INFO PromptManager] ReadValue
[2023-05-23 22:58:04Z INFO Terminal] WRITE: Enter the name of runner: 
[2023-05-23 22:58:04Z INFO Terminal] WRITE: [press Enter for brians-mbp] 
[2023-05-23 22:58:04Z INFO Terminal] READ LINE
[2023-05-23 22:58:07Z INFO Terminal] Read value: ''
[2023-05-23 22:58:07Z INFO PromptManager] Falling back to the default: 'brians-mbp'
[2023-05-23 22:58:07Z INFO Terminal] WRITE LINE: 
[2023-05-23 22:58:07Z INFO CommandSettings] Arg 'labels': ''
[2023-05-23 22:58:07Z INFO CommandSettings] Flag 'unattended': 'False'
[2023-05-23 22:58:07Z INFO PromptManager] ReadValue
[2023-05-23 22:58:07Z INFO Terminal] WRITE: This runner will have the following labels: 'self-hosted', 'macOS', 'ARM64' 
Enter any additional labels (ex. label-1,label-2): 
[2023-05-23 22:58:07Z INFO Terminal] WRITE: [press Enter to skip] 
[2023-05-23 22:58:07Z INFO Terminal] READ LINE
[2023-05-23 22:58:11Z INFO Terminal] Read value: ''
[2023-05-23 22:58:11Z INFO Terminal] WRITE LINE: 
[2023-05-23 22:58:11Z INFO CommandSettings] Flag 'disableupdate': 'False'
[2023-05-23 22:58:12Z INFO CommandSettings] Flag 'disableupdate': 'False'
[2023-05-23 22:58:12Z INFO CommandSettings] Flag 'ephemeral': 'False'
[2023-05-23 22:58:12Z INFO ConfigurationStore] Saving OAuth credential @ /Users/brianzhu/Documents/chess-game-review-site/actions-runner/.credentials
[2023-05-23 22:58:12Z INFO ConfigurationStore] Credentials Saved.
[2023-05-23 22:58:12Z INFO ConfigurationStore] HasCredentials()
[2023-05-23 22:58:12Z INFO ConfigurationStore] stored True
[2023-05-23 22:58:12Z INFO CredentialManager] GetCredentialProvider
[2023-05-23 22:58:12Z INFO CredentialManager] Creating type OAuth
[2023-05-23 22:58:12Z INFO CredentialManager] Creating credential type: OAuth
[2023-05-23 22:58:12Z INFO RSAFileKeyManager] Loading RSA key parameters from file /Users/brianzhu/Documents/chess-game-review-site/actions-runner/.credentials_rsaparams
[2023-05-23 22:58:12Z INFO RunnerServer] EstablishVssConnection
[2023-05-23 22:58:12Z INFO RunnerServer] Establish connection with 100 seconds timeout.
[2023-05-23 22:58:12Z INFO GitHubActionsService] Starting operation Location.GetConnectionData
[2023-05-23 22:58:12Z INFO RunnerServer] EstablishVssConnection
[2023-05-23 22:58:12Z INFO RunnerServer] Establish connection with 60 seconds timeout.
[2023-05-23 22:58:12Z INFO GitHubActionsService] Starting operation Location.GetConnectionData
[2023-05-23 22:58:12Z INFO RunnerServer] EstablishVssConnection
[2023-05-23 22:58:12Z INFO RunnerServer] Establish connection with 60 seconds timeout.
[2023-05-23 22:58:12Z INFO GitHubActionsService] Starting operation Location.GetConnectionData
[2023-05-23 22:58:12Z INFO GitHubActionsService] Finished operation Location.GetConnectionData
[2023-05-23 22:58:12Z INFO GitHubActionsService] Finished operation Location.GetConnectionData
[2023-05-23 22:58:12Z INFO GitHubActionsService] Finished operation Location.GetConnectionData
[2023-05-23 22:58:12Z INFO RSAFileKeyManager] Loading RSA key parameters from file /Users/brianzhu/Documents/chess-game-review-site/actions-runner/.credentials_rsaparams
[2023-05-23 22:58:12Z INFO RSAFileKeyManager] Loading RSA key parameters from file /Users/brianzhu/Documents/chess-game-review-site/actions-runner/.credentials_rsaparams
[2023-05-23 22:58:12Z INFO GitHubActionsService] AAD Correlation ID for this token request: Unknown
[2023-05-23 22:58:13Z INFO CommandSettings] Arg 'work': ''
[2023-05-23 22:58:13Z INFO CommandSettings] Flag 'unattended': 'False'
[2023-05-23 22:58:13Z INFO PromptManager] ReadValue
[2023-05-23 22:58:13Z INFO Terminal] WRITE: Enter name of work folder: 
[2023-05-23 22:58:13Z INFO Terminal] WRITE: [press Enter for _work] 
[2023-05-23 22:58:13Z INFO Terminal] READ LINE
[2023-05-23 22:58:33Z INFO Terminal] Read value: ''
[2023-05-23 22:58:33Z INFO PromptManager] Falling back to the default: '_work'
[2023-05-23 22:58:33Z INFO ConfigurationStore] Saving runner settings.
[2023-05-23 22:58:33Z INFO ConfigurationStore] Settings Saved.
[2023-05-23 22:58:33Z INFO Terminal] WRITE LINE: 
[2023-05-23 22:58:33Z INFO Terminal] WRITE LINE: 
[2023-05-23 22:58:33Z INFO OsxServiceControlManager] Service name 'actions.runner.bzhu9-chess-game-review-site.brians-mbp' display name 'GitHub Actions Runner (bzhu9-chess-game-review-site.brians-mbp)' will be used for service configuration.
[2023-05-23 22:58:33Z INFO HostContext] Well known directory 'Bin': '/Users/brianzhu/Documents/chess-game-review-site/actions-runner/bin'
[2023-05-23 22:58:33Z INFO HostContext] Well known directory 'Root': '/Users/brianzhu/Documents/chess-game-review-site/actions-runner'
[2023-05-23 22:58:33Z INFO HostContext] Well known directory 'Bin': '/Users/brianzhu/Documents/chess-game-review-site/actions-runner/bin'
[2023-05-23 22:58:33Z INFO HostContext] Well known directory 'Bin': '/Users/brianzhu/Documents/chess-game-review-site/actions-runner/bin'
[2023-05-23 22:58:33Z INFO HostContext] Well known directory 'Root': '/Users/brianzhu/Documents/chess-game-review-site/actions-runner'
[2023-05-23 22:58:33Z INFO UnixUtil] Which: 'chmod'
[2023-05-23 22:58:33Z INFO UnixUtil] Location: '/bin/chmod'
[2023-05-23 22:58:33Z INFO UnixUtil] Running /bin/chmod 755 "/Users/brianzhu/Documents/chess-game-review-site/actions-runner/svc.sh"
[2023-05-23 22:58:33Z INFO ProcessInvokerWrapper] Starting process:
[2023-05-23 22:58:33Z INFO ProcessInvokerWrapper]   File name: '/bin/chmod'
[2023-05-23 22:58:33Z INFO ProcessInvokerWrapper]   Arguments: '755 "/Users/brianzhu/Documents/chess-game-review-site/actions-runner/svc.sh"'
[2023-05-23 22:58:33Z INFO ProcessInvokerWrapper]   Working directory: '/Users/brianzhu/Documents/chess-game-review-site/actions-runner'
[2023-05-23 22:58:33Z INFO ProcessInvokerWrapper]   Require exit code zero: 'True'
[2023-05-23 22:58:33Z INFO ProcessInvokerWrapper]   Encoding web name:  ; code page: ''
[2023-05-23 22:58:33Z INFO ProcessInvokerWrapper]   Force kill process on cancellation: 'False'
[2023-05-23 22:58:33Z INFO ProcessInvokerWrapper]   Redirected STDIN: 'False'
[2023-05-23 22:58:33Z INFO ProcessInvokerWrapper]   Persist current code page: 'False'
[2023-05-23 22:58:33Z INFO ProcessInvokerWrapper]   Keep redirected STDIN open: 'False'
[2023-05-23 22:58:33Z INFO ProcessInvokerWrapper]   High priority process: 'False'
[2023-05-23 22:58:33Z INFO ProcessInvokerWrapper] Process started with process id 68110, waiting for process exit.
[2023-05-23 22:58:33Z INFO ProcessInvokerWrapper] STDOUT/STDERR stream read finished.
[2023-05-23 22:58:33Z INFO ProcessInvokerWrapper] STDOUT/STDERR stream read finished.
[2023-05-23 22:58:33Z INFO ProcessInvokerWrapper] Finished process 68110 with exit code 0, and elapsed time 00:00:00.0736192.
[2023-05-23 22:58:33Z INFO Listener] Runner execution has finished with return code 0
